<?xml version="1.0" encoding="UTF-8"?>
<testsuite name="TestEndpoint-20200704191129" tests="1" file=".py" time="0.004" timestamp="2020-07-04T19:11:29" failures="0" errors="1" skipped="0">
	<testcase classname="TestEndpoint" name="test_closeEndpoint" time="0.004" timestamp="2020-07-04T19:11:29" file="test_endpoint.py" line="15">
		<error type="TypeError" message="test_closeEndpoint() takes 0 positional arguments but 1 was given"><![CDATA[TypeError: test_closeEndpoint() takes 0 positional arguments but 1 was given
]]></error>
		<system-out><![CDATA[]]></system-out>
		<system-err><![CDATA[]]></system-err>
	</testcase>
</testsuite>
